[INFO] Scanning for projects...
[INFO] 
[INFO] -------------------------< com.dci:clearance >--------------------------
[INFO] Building DCI-CLEARANCE 1.0.0
[INFO]   from pom.xml
[INFO] --------------------------------[ jar ]---------------------------------
[INFO] 
[INFO] >>> spring-boot:3.3.5:run (default-cli) > test-compile @ clearance >>>
[INFO] 
[INFO] --- resources:3.3.1:resources (default-resources) @ clearance ---
[INFO] Copying 1 resource from src\main\resources to target\classes
[INFO] Copying 4 resources from src\main\resources to target\classes
[INFO] 
[INFO] --- compiler:3.13.0:compile (default-compile) @ clearance ---
[INFO] Nothing to compile - all classes are up to date.
[INFO] 
[INFO] --- resources:3.3.1:testResources (default-testResources) @ clearance ---
[INFO] skip non existing resourceDirectory C:\Workspaces\workspace2026\DCI-DEMOv3\DCI-BACKEND\src\test\resources
[INFO] 
[INFO] --- compiler:3.13.0:testCompile (default-testCompile) @ clearance ---
[INFO] No sources to compile
[INFO] 
[INFO] <<< spring-boot:3.3.5:run (default-cli) < test-compile @ clearance <<<
[INFO] 
[INFO] 
[INFO] --- spring-boot:3.3.5:run (default-cli) @ clearance ---
[INFO] Attaching agents: []

  .   ____          _            __ _ _
 /\\ / ___'_ __ _ _(_)_ __  __ _ \ \ \ \
( ( )\___ | '_ | '_| | '_ \/ _` | \ \ \ \
 \\/  ___)| |_)| | | | | || (_| |  ) ) ) )
  '  |____| .__|_| |_|_| |_\__, | / / / /
 =========|_|==============|___/=/_/_/_/

 :: Spring Boot ::                (v3.3.5)

2026-07-09T14:31:21.681+08:00  INFO 16952 --- [dci-clearance] [           main] c.dci.clearance.DciClearanceApplication  : Starting DciClearanceApplication using Java 23.0.2 with PID 16952 (C:\Workspaces\workspace2026\DCI-DEMOv3\DCI-BACKEND\target\classes started by Justin in C:\Workspaces\workspace2026\DCI-DEMOv3\DCI-BACKEND)
2026-07-09T14:31:21.694+08:00  INFO 16952 --- [dci-clearance] [           main] c.dci.clearance.DciClearanceApplication  : No active profile set, falling back to 1 default profile: "default"
2026-07-09T14:31:22.619+08:00  INFO 16952 --- [dci-clearance] [           main] .s.d.r.c.RepositoryConfigurationDelegate : Bootstrapping Spring Data JPA repositories in DEFAULT mode.
2026-07-09T14:31:22.743+08:00  INFO 16952 --- [dci-clearance] [           main] .s.d.r.c.RepositoryConfigurationDelegate : Finished Spring Data repository scanning in 118 ms. Found 30 JPA repository interfaces.
2026-07-09T14:31:23.366+08:00  INFO 16952 --- [dci-clearance] [           main] o.s.b.w.embedded.tomcat.TomcatWebServer  : Tomcat initialized with port 8080 (http)
2026-07-09T14:31:23.397+08:00  INFO 16952 --- [dci-clearance] [           main] o.apache.catalina.core.StandardService   : Starting service [Tomcat]
2026-07-09T14:31:23.397+08:00  INFO 16952 --- [dci-clearance] [           main] o.apache.catalina.core.StandardEngine    : Starting Servlet engine: [Apache Tomcat/10.1.31]
2026-07-09T14:31:23.491+08:00  INFO 16952 --- [dci-clearance] [           main] o.a.c.c.C.[Tomcat].[localhost].[/]       : Initializing Spring embedded WebApplicationContext
2026-07-09T14:31:23.491+08:00  INFO 16952 --- [dci-clearance] [           main] w.s.c.ServletWebServerApplicationContext : Root WebApplicationContext: initialization completed in 1730 ms
2026-07-09T14:31:23.651+08:00  INFO 16952 --- [dci-clearance] [           main] o.hibernate.jpa.internal.util.LogHelper  : HHH000204: Processing PersistenceUnitInfo [name: default]
2026-07-09T14:31:23.723+08:00  INFO 16952 --- [dci-clearance] [           main] org.hibernate.Version                    : HHH000412: Hibernate ORM core version 6.5.3.Final
2026-07-09T14:31:23.783+08:00  INFO 16952 --- [dci-clearance] [           main] o.h.c.internal.RegionFactoryInitiator    : HHH000026: Second-level cache disabled
2026-07-09T14:31:24.152+08:00  INFO 16952 --- [dci-clearance] [           main] o.s.o.j.p.SpringPersistenceUnitInfo      : No LoadTimeWeaver setup: ignoring JPA class transformer
2026-07-09T14:31:24.198+08:00  INFO 16952 --- [dci-clearance] [           main] com.zaxxer.hikari.HikariDataSource       : HikariPool-1 - Starting...
2026-07-09T14:31:25.577+08:00  INFO 16952 --- [dci-clearance] [           main] com.zaxxer.hikari.pool.HikariPool        : HikariPool-1 - Added connection com.mysql.cj.jdbc.ConnectionImpl@30704f85
2026-07-09T14:31:25.582+08:00  INFO 16952 --- [dci-clearance] [           main] com.zaxxer.hikari.HikariDataSource       : HikariPool-1 - Start completed.
2026-07-09T14:31:25.918+08:00  WARN 16952 --- [dci-clearance] [           main] org.hibernate.orm.deprecation            : HHH90000025: MySQLDialect does not need to be specified explicitly using 'hibernate.dialect' (remove the property setting and it will be selected by default)
2026-07-09T14:31:27.596+08:00  INFO 16952 --- [dci-clearance] [           main] o.h.e.t.j.p.i.JtaPlatformInitiator       : HHH000489: No JTA platform available (set 'hibernate.transaction.jta.platform' to enable JTA platform integration)
2026-07-09T14:31:27.597+08:00  INFO 16952 --- [dci-clearance] [           main] j.LocalContainerEntityManagerFactoryBean : Initialized JPA EntityManagerFactory for persistence unit 'default'
2026-07-09T14:31:28.026+08:00  INFO 16952 --- [dci-clearance] [           main] o.s.d.j.r.query.QueryEnhancerFactory     : Hibernate is in classpath; If applicable, HQL parser will be used.
2026-07-09T14:31:30.023+08:00  INFO 16952 --- [dci-clearance] [           main] r$InitializeUserDetailsManagerConfigurer : Global AuthenticationManager configured with UserDetailsService bean with name userDetailsServiceImpl
2026-07-09T14:31:30.662+08:00  INFO 16952 --- [dci-clearance] [           main] o.s.b.w.embedded.tomcat.TomcatWebServer  : Tomcat started on port 8080 (http) with context path '/'
2026-07-09T14:31:30.678+08:00  INFO 16952 --- [dci-clearance] [           main] c.dci.clearance.DciClearanceApplication  : Started DciClearanceApplication in 9.346 seconds (process running for 9.722)
